<?xml version="1.0" encoding="UTF-8"?>
<!-- Generated by org.testng.reporters.JUnitXMLReporter -->
<testsuite ignored="0" hostname="DESKTOP-QSEDUF4" failures="1" tests="1" name="Regression Test" time="32.655" errors="0" timestamp="2021-05-13T20:18:10 IST">
  <testcase classname="in.co.MercuryTravels.testcases.MercuryTestCases" name="verifyUserLoginWithCorrectCredentials" time="16.93">
    <failure type="java.lang.AssertionError" message="expected [Welcome, Shraddha1] but found [Welcome, Shraddha]">
      <![CDATA[java.lang.AssertionError: expected [Welcome, Shraddha1] but found [Welcome, Shraddha]
at in.co.MercuryTravels.testcases.MercuryTestCases.verifyUserLoginWithCorrectCredentials(MercuryTestCases.java:21)
at java.base/java.util.ArrayList.forEach(ArrayList.java:1511)
... Removed 33 stack frames]]>
    </failure>
  </testcase> <!-- verifyUserLoginWithCorrectCredentials -->
</testsuite> <!-- Regression Test -->
